<?xml version="1.0" encoding="UTF-8"?>
<!-- Generated by org.testng.reporters.JUnitReportReporter -->
<testsuite hostname="Yukesh-PC" failures="0" tests="1" name="com.inetbanking.testcases.TC_Logintest" time="7.839" errors="0" timestamp="03 May 2020 17:53:30 GMT" skipped="0">
  <testcase classname="com.inetbanking.testcases.TC_Logintest" name="test1" time="7.839"/>
</testsuite> <!-- com.inetbanking.testcases.TC_Logintest -->
