<?xml version="1.0" encoding="UTF-8"?>
<!-- Generated by org.testng.reporters.JUnitReportReporter -->
<testsuite hostname="Yukesh-PC" failures="0" tests="1" name="com.inetbanking.testcases.TC_003_NewAccount" time="31.033" errors="0" timestamp="03 May 2020 17:53:30 GMT" skipped="0">
  <testcase classname="com.inetbanking.testcases.TC_003_NewAccount" name="addcustomer" time="31.033"/>
</testsuite> <!-- com.inetbanking.testcases.TC_003_NewAccount -->
