<?xml version="1.0" encoding="UTF-8"?>
<!-- Generated by org.testng.reporters.JUnitReportReporter -->
<testsuite skipped="0" hostname="Yukesh-PC" name="com.inetbanking.testcases.TC_Logintest" tests="1" failures="0" timestamp="05 May 2020 03:41:35 GMT" time="10.736" errors="0">
  <testcase name="test1" time="10.736" classname="com.inetbanking.testcases.TC_Logintest"/>
</testsuite> <!-- com.inetbanking.testcases.TC_Logintest -->
