<?xml version="1.0" encoding="UTF-8"?>
<!-- Generated by org.testng.reporters.JUnitReportReporter -->
<testsuite skipped="0" hostname="Yukesh-PC" name="com.inetbanking.testcases.TC_003_NewAccount" tests="1" failures="0" timestamp="05 May 2020 03:41:35 GMT" time="28.357" errors="0">
  <testcase name="addcustomer" time="28.357" classname="com.inetbanking.testcases.TC_003_NewAccount"/>
</testsuite> <!-- com.inetbanking.testcases.TC_003_NewAccount -->
